18.04.2025, 22:54:37 [INFO] - Source: parseFile
Parsed 5 total records, 2 valid records after filtering

18.04.2025, 22:54:37 [INFO] - Source: parseFile
First valid record: {"LieferantID":578,"Firma":"Chocolado ТОО","ZutatenLagerID":342,"ZutatenLager":"масло кокосовое"}

18.04.2025, 22:54:37 [INFO] - Source: bx/batchRequest
Sending batch request with commands: {"contact_0":"crm.contact.list?select[]=ID&select[]=NAME&select[]=UF_CRM_1744893791481&filter[UF_CRM_1744893791481]=578"}

18.04.2025, 22:54:37 [INFO] - Source: bx/batchRequest
Batch response: {"result":{"result":{"contact_0":[{"ID":"4736","NAME":"ТОО CHOCOLADO","UF_CRM_1744893791481":"578"}]},"result_error":[],"result_total":{"contact_0":1},"result_next":[],"result_time":{"contact_0":{"start":1744998877.714595,"finish":1744998877.766519,"duration":0.05192399024963379,"processing":0.05138993263244629,"date_start":"2025-04-18T20:54:37+03:00","date_finish":"2025-04-18T20:54:37+03:00","operating_reset_at":1744999477,"operating":0}}},"time":{"start":1744998877.686317,"finish":1744998877.767341,"duration":0.0810239315032959,"processing":0.052870988845825195,"date_start":"2025-04-18T20:54:37+03:00","date_finish":"2025-04-18T20:54:37+03:00","operating_reset_at":1744999477,"operating":0}}

18.04.2025, 22:54:37 [INFO] - Source: bx/getContactsByAccessIds
Fetched 1 contacts

18.04.2025, 22:54:37 [INFO] - Source: bx/batchRequest
Sending batch request with commands: {"product_0":"crm.product.list?select[]=ID&select[]=NAME&select[]=PRICE&select[]=MEASURE&select[]=PROPERTY_484&filter[PROPERTY_484]=342","product_1":"crm.product.list?select[]=ID&select[]=NAME&select[]=PRICE&select[]=MEASURE&select[]=PROPERTY_484&filter[PROPERTY_484]=120"}

18.04.2025, 22:54:37 [INFO] - Source: bx/batchRequest
Batch response: {"result":{"result":{"product_0":[{"ID":"21270","NAME":"масло кокосовое","PRICE":null,"MEASURE":"7","PROPERTY_484":{"valueId":"20038","value":"342"}}],"product_1":[{"ID":"21272","NAME":"масло пальмовое","PRICE":null,"MEASURE":"7","PROPERTY_484":{"valueId":"20040","value":"120"}}]},"result_error":[],"result_total":{"product_0":1,"product_1":1},"result_next":[],"result_time":{"product_0":{"start":1744998877.928066,"finish":1744998877.955504,"duration":0.027437925338745117,"processing":0.02673792839050293,"date_start":"2025-04-18T20:54:37+03:00","date_finish":"2025-04-18T20:54:37+03:00","operating_reset_at":1744999477,"operating":0},"product_1":{"start":1744998877.95658,"finish":1744998877.961635,"duration":0.00505518913269043,"processing":0.004636049270629883,"date_start":"2025-04-18T20:54:37+03:00","date_finish":"2025-04-18T20:54:37+03:00","operating_reset_at":1744999477,"operating":0}}},"time":{"start":1744998877.900544,"finish":1744998877.962388,"duration":0.0618441104888916,"processing":0.03449583053588867,"date_start":"2025-04-18T20:54:37+03:00","date_finish":"2025-04-18T20:54:37+03:00","operating_reset_at":1744999477,"operating":0}}

18.04.2025, 22:54:37 [INFO] - Source: bx/getProductsByAccessIds
Fetched 2 products

18.04.2025, 22:54:37 [INFO] - Source: bx/batchRequest
Sending batch request with commands: {"deal_0":"crm.item.list?entityTypeId=1068&filter[contactId]=4736"}

18.04.2025, 22:54:37 [INFO] - Source: bx/batchRequest
Batch response: {"result":{"result":{"deal_0":{"items":[]}},"result_error":[],"result_total":{"deal_0":0},"result_next":[],"result_time":{"deal_0":{"start":1744998878.10776,"finish":1744998878.148637,"duration":0.04087710380554199,"processing":0.03975796699523926,"date_start":"2025-04-18T20:54:38+03:00","date_finish":"2025-04-18T20:54:38+03:00","operating_reset_at":1744999478,"operating":0}}},"time":{"start":1744998878.081208,"finish":1744998878.149639,"duration":0.06843090057373047,"processing":0.04200100898742676,"date_start":"2025-04-18T20:54:38+03:00","date_finish":"2025-04-18T20:54:38+03:00","operating_reset_at":1744999478,"operating":0}}

18.04.2025, 22:54:37 [INFO] - Source: bx/getSmartProcessDealsByContactIds
Fetched 0 smart process deals

18.04.2025, 22:54:37 [INFO] - Source: bx/batchRequest
Sending batch request with commands: {"add_deal":"crm.item.add?entityTypeId=1068&fields[TITLE]=%D0%9F%D0%BE%D1%81%D1%82%D0%B0%D0%B2%D1%89%D0%B8%D0%BA%3A%20Chocolado%20%D0%A2%D0%9E%D0%9E&fields[CONTACT_ID]=4736"}

18.04.2025, 22:54:38 [INFO] - Source: bx/batchRequest
Batch response: {"result":{"result":{"add_deal":{"item":{"id":96,"xmlId":"","title":"Поставщик: Chocolado ТОО","createdBy":294,"updatedBy":294,"movedBy":294,"createdTime":"2025-04-18T20:54:38+03:00","updatedTime":"2025-04-18T20:54:38+03:00","movedTime":"2025-04-18T20:54:38+03:00","categoryId":46,"opened":"N","stageId":"DT1068_46:NEW","previousStageId":"","begindate":"2025-04-18T03:00:00+03:00","closedate":"2025-04-25T03:00:00+03:00","companyId":0,"contactId":4736,"opportunity":0,"isManualOpportunity":"N","taxValue":0,"currencyId":"KZT","mycompanyId":1164,"sourceId":"CALL","sourceDescription":"","webformId":0,"assignedById":294,"lastActivityBy":294,"lastActivityTime":"2025-04-18T20:54:38+03:00","utmSource":null,"utmMedium":null,"utmCampaign":null,"utmContent":null,"utmTerm":null,"observers":[],"contactIds":[4736],"entityTypeId":1068}}},"result_error":[],"result_total":[],"result_next":[],"result_time":{"add_deal":{"start":1744998878.299103,"finish":1744998878.445163,"duration":0.14605998992919922,"processing":0.1448500156402588,"date_start":"2025-04-18T20:54:38+03:00","date_finish":"2025-04-18T20:54:38+03:00","operating_reset_at":1744999478,"operating":0.46274495124816895}}},"time":{"start":1744998878.27141,"finish":1744998878.446282,"duration":0.17487192153930664,"processing":0.1473989486694336,"date_start":"2025-04-18T20:54:38+03:00","date_finish":"2025-04-18T20:54:38+03:00","operating_reset_at":1744999478,"operating":0}}

18.04.2025, 22:54:38 [INFO] - Source: bx/batchRequest
Sending batch request with commands: {"product_0":"catalog.product.list?select[]=id&select[]=iblockId&select[]=name&select[]=xmlId&select[]=parentId&filter[iblockId]=16&filter[parentId]=21270","product_1":"catalog.product.list?select[]=id&select[]=iblockId&select[]=name&select[]=xmlId&select[]=parentId&filter[iblockId]=16&filter[parentId]=21272"}

18.04.2025, 22:54:38 [INFO] - Source: bx/batchRequest
Batch response: {"result":{"result":{"product_0":{"products":[{"iblockId":16,"id":21644,"name":"масло кокосовое","parentId":{"value":"21270","valueId":"20286"},"xmlId":"21644"},{"iblockId":16,"id":21648,"name":"масло кокосовое","parentId":{"value":"21270","valueId":"20290"},"xmlId":"21648"}]},"product_1":{"products":[{"iblockId":16,"id":21646,"name":"масло пальмовое","parentId":{"value":"21272","valueId":"20288"},"xmlId":"21646"},{"iblockId":16,"id":21650,"name":"масло пальмовое","parentId":{"value":"21272","valueId":"20292"},"xmlId":"21650"}]}},"result_error":[],"result_total":{"product_0":2,"product_1":2},"result_next":[],"result_time":{"product_0":{"start":1744998878.591545,"finish":1744998878.612285,"duration":0.02073979377746582,"processing":0.01980304718017578,"date_start":"2025-04-18T20:54:38+03:00","date_finish":"2025-04-18T20:54:38+03:00","operating_reset_at":1744999478,"operating":0},"product_1":{"start":1744998878.613218,"finish":1744998878.619306,"duration":0.0060880184173583984,"processing":0.00548100471496582,"date_start":"2025-04-18T20:54:38+03:00","date_finish":"2025-04-18T20:54:38+03:00","operating_reset_at":1744999478,"operating":0}}},"time":{"start":1744998878.562891,"finish":1744998878.620181,"duration":0.057290077209472656,"processing":0.028757095336914062,"date_start":"2025-04-18T20:54:38+03:00","date_finish":"2025-04-18T20:54:38+03:00","operating_reset_at":1744999478,"operating":0}}

18.04.2025, 22:54:38 [INFO] - Source: bx/getCatalogProducts
Fetched or created 4 catalog products for CRM product IDs: ["21270","21272"]

18.04.2025, 22:54:38 [INFO] - Source: bx/batchRequest
Sending batch request with commands: {"add_product_0":"crm.item.productrow.add?ownerType=DYNAMIC_1068&ownerId=96&fields[PRODUCT_ID]=21644&fields[QUANTITY]=1&fields[PRICE]=0&fields[MEASURE_CODE]=7","add_product_1":"crm.item.productrow.add?ownerType=DYNAMIC_1068&ownerId=96&fields[PRODUCT_ID]=21646&fields[QUANTITY]=1&fields[PRICE]=0&fields[MEASURE_CODE]=7"}

18.04.2025, 22:54:38 [INFO] - Source: bx/batchRequest
Batch response: {"result":{"result":[],"result_error":{"add_product_0":{"error":"ENTITY_TYPE_NOT_SUPPORTED","error_description":"Entity type  is not supported"},"add_product_1":{"error":"ENTITY_TYPE_NOT_SUPPORTED","error_description":"Entity type  is not supported"}},"result_total":[],"result_next":[],"result_time":[]},"time":{"start":1744998878.744947,"finish":1744998878.778339,"duration":0.03339195251464844,"processing":0.004644155502319336,"date_start":"2025-04-18T20:54:38+03:00","date_finish":"2025-04-18T20:54:38+03:00","operating_reset_at":1744999478,"operating":0}}

18.04.2025, 22:54:38 [ERROR] - Source: bx/batchRequest
Error: Error: Batch request errors: Command add_product_0 failed: Entity type  is not supported; Command add_product_1 failed: Entity type  is not supported
    at BitrixUtils.batchRequest (file:///C:/Users/xaker/WebstormProjects/1c_access_bitrix/utils/bx.js:44:23)
    at process.processTicksAndRejections (node:internal/process/task_queues:105:5)
    at async BitrixUtils.addSmartProcessDeal (file:///C:/Users/xaker/WebstormProjects/1c_access_bitrix/utils/bx.js:351:44)
    at async processProducts (file:///C:/Users/xaker/WebstormProjects/1c_access_bitrix/services/fileService.js:292:30)
    at async uploadSupplierProductHandler (file:///C:/Users/xaker/WebstormProjects/1c_access_bitrix/handlers/fileHandlers.js:254:31)

18.04.2025, 22:54:38 [ERROR] - Source: bx/addSmartProcessDeal
Error: Error: Batch request errors: Command add_product_0 failed: Entity type  is not supported; Command add_product_1 failed: Entity type  is not supported
    at BitrixUtils.batchRequest (file:///C:/Users/xaker/WebstormProjects/1c_access_bitrix/utils/bx.js:44:23)
    at process.processTicksAndRejections (node:internal/process/task_queues:105:5)
    at async BitrixUtils.addSmartProcessDeal (file:///C:/Users/xaker/WebstormProjects/1c_access_bitrix/utils/bx.js:351:44)
    at async processProducts (file:///C:/Users/xaker/WebstormProjects/1c_access_bitrix/services/fileService.js:292:30)
    at async uploadSupplierProductHandler (file:///C:/Users/xaker/WebstormProjects/1c_access_bitrix/handlers/fileHandlers.js:254:31)

18.04.2025, 22:54:38 [ERROR] - Source: processProducts
Error: Error: Batch request errors: Command add_product_0 failed: Entity type  is not supported; Command add_product_1 failed: Entity type  is not supported
    at BitrixUtils.batchRequest (file:///C:/Users/xaker/WebstormProjects/1c_access_bitrix/utils/bx.js:44:23)
    at process.processTicksAndRejections (node:internal/process/task_queues:105:5)
    at async BitrixUtils.addSmartProcessDeal (file:///C:/Users/xaker/WebstormProjects/1c_access_bitrix/utils/bx.js:351:44)
    at async processProducts (file:///C:/Users/xaker/WebstormProjects/1c_access_bitrix/services/fileService.js:292:30)
    at async uploadSupplierProductHandler (file:///C:/Users/xaker/WebstormProjects/1c_access_bitrix/handlers/fileHandlers.js:254:31)

18.04.2025, 22:54:38 [ERROR] - Source: uploadSupplierProductHandler
Error: Error: Batch request errors: Command add_product_0 failed: Entity type  is not supported; Command add_product_1 failed: Entity type  is not supported
    at BitrixUtils.batchRequest (file:///C:/Users/xaker/WebstormProjects/1c_access_bitrix/utils/bx.js:44:23)
    at process.processTicksAndRejections (node:internal/process/task_queues:105:5)
    at async BitrixUtils.addSmartProcessDeal (file:///C:/Users/xaker/WebstormProjects/1c_access_bitrix/utils/bx.js:351:44)
    at async processProducts (file:///C:/Users/xaker/WebstormProjects/1c_access_bitrix/services/fileService.js:292:30)
    at async uploadSupplierProductHandler (file:///C:/Users/xaker/WebstormProjects/1c_access_bitrix/handlers/fileHandlers.js:254:31)

18.04.2025, 23:55:20 [INFO] - Source: parseFile
Parsed 5 total records, 2 valid records after filtering

18.04.2025, 23:55:20 [INFO] - Source: parseFile
First valid record: {"LieferantID":578,"Firma":"Chocolado ТОО","ZutatenLagerID":342,"ZutatenLager":"масло кокосовое"}

18.04.2025, 23:55:20 [INFO] - Source: bx/batchRequest
Sending batch request with commands: {"contact_0":"crm.contact.list?select[]=ID&select[]=NAME&select[]=UF_CRM_1744893791481&filter[UF_CRM_1744893791481]=578"}

18.04.2025, 23:55:20 [INFO] - Source: bx/batchRequest
Batch response: {"result":{"result":{"contact_0":[{"ID":"4736","NAME":"ТОО CHOCOLADO","UF_CRM_1744893791481":"578"}]},"result_error":[],"result_total":{"contact_0":1},"result_next":[],"result_time":{"contact_0":{"start":1745002519.469435,"finish":1745002519.531339,"duration":0.061903953552246094,"processing":0.06140303611755371,"date_start":"2025-04-18T21:55:19+03:00","date_finish":"2025-04-18T21:55:19+03:00","operating_reset_at":1745003119,"operating":0}}},"time":{"start":1745002519.43415,"finish":1745002519.53226,"duration":0.09810996055603027,"processing":0.06293702125549316,"date_start":"2025-04-18T21:55:19+03:00","date_finish":"2025-04-18T21:55:19+03:00","operating_reset_at":1745003119,"operating":0}}

18.04.2025, 23:55:20 [INFO] - Source: bx/getContactsByAccessIds
Fetched 1 contacts

18.04.2025, 23:55:20 [INFO] - Source: bx/batchRequest
Sending batch request with commands: {"product_0":"crm.product.list?select[]=ID&select[]=NAME&select[]=PRICE&select[]=MEASURE&select[]=PROPERTY_484&filter[PROPERTY_484]=342","product_1":"crm.product.list?select[]=ID&select[]=NAME&select[]=PRICE&select[]=MEASURE&select[]=PROPERTY_484&filter[PROPERTY_484]=120"}

18.04.2025, 23:55:20 [INFO] - Source: bx/batchRequest
Batch response: {"result":{"result":{"product_0":[{"ID":"21270","NAME":"масло кокосовое","PRICE":null,"MEASURE":"7","PROPERTY_484":{"valueId":"20038","value":"342"}}],"product_1":[{"ID":"21272","NAME":"масло пальмовое","PRICE":null,"MEASURE":"7","PROPERTY_484":{"valueId":"20040","value":"120"}}]},"result_error":[],"result_total":{"product_0":1,"product_1":1},"result_next":[],"result_time":{"product_0":{"start":1745002519.723782,"finish":1745002519.787171,"duration":0.06338882446289062,"processing":0.0628659725189209,"date_start":"2025-04-18T21:55:19+03:00","date_finish":"2025-04-18T21:55:19+03:00","operating_reset_at":1745003119,"operating":0},"product_1":{"start":1745002519.787982,"finish":1745002519.793367,"duration":0.005384922027587891,"processing":0.005056142807006836,"date_start":"2025-04-18T21:55:19+03:00","date_finish":"2025-04-18T21:55:19+03:00","operating_reset_at":1745003119,"operating":0}}},"time":{"start":1745002519.685763,"finish":1745002519.794113,"duration":0.10835003852844238,"processing":0.07060813903808594,"date_start":"2025-04-18T21:55:19+03:00","date_finish":"2025-04-18T21:55:19+03:00","operating_reset_at":1745003119,"operating":0}}

18.04.2025, 23:55:20 [INFO] - Source: bx/getProductsByAccessIds
Fetched 2 products

18.04.2025, 23:55:20 [INFO] - Source: bx/batchRequest
Sending batch request with commands: {"deal_0":"crm.item.list?entityTypeId=1068&filter[contactId]=4736"}

18.04.2025, 23:55:20 [INFO] - Source: bx/batchRequest
Batch response: {"result":{"result":{"deal_0":{"items":[{"id":96,"xmlId":"","title":"Поставщик: Chocolado ТОО","createdBy":294,"updatedBy":294,"movedBy":294,"createdTime":"2025-04-18T20:54:38+03:00","updatedTime":"2025-04-18T20:54:38+03:00","movedTime":"2025-04-18T20:54:38+03:00","categoryId":46,"opened":"N","stageId":"DT1068_46:NEW","previousStageId":"","begindate":"2025-04-18T03:00:00+03:00","closedate":"2025-04-25T03:00:00+03:00","companyId":0,"contactId":4736,"opportunity":0,"isManualOpportunity":"N","taxValue":0,"currencyId":"KZT","mycompanyId":1164,"sourceId":"CALL","sourceDescription":"","webformId":0,"assignedById":294,"lastActivityBy":294,"lastActivityTime":"2025-04-18T20:54:38+03:00","utmSource":null,"utmMedium":null,"utmCampaign":null,"utmContent":null,"utmTerm":null,"observers":[],"contactIds":[4736],"entityTypeId":1068}]}},"result_error":[],"result_total":{"deal_0":1},"result_next":[],"result_time":{"deal_0":{"start":1745002519.929215,"finish":1745002519.992199,"duration":0.06298398971557617,"processing":0.06195402145385742,"date_start":"2025-04-18T21:55:19+03:00","date_finish":"2025-04-18T21:55:19+03:00","operating_reset_at":1745003119,"operating":0}}},"time":{"start":1745002519.904576,"finish":1745002519.993161,"duration":0.08858489990234375,"processing":0.06406497955322266,"date_start":"2025-04-18T21:55:19+03:00","date_finish":"2025-04-18T21:55:19+03:00","operating_reset_at":1745003119,"operating":0}}

18.04.2025, 23:55:20 [INFO] - Source: bx/getSmartProcessDealsByContactIds
Fetched 1 smart process deals

18.04.2025, 23:55:20 [INFO] - Source: bx/batchRequest
Sending batch request with commands: {"update_deal":"crm.item.update?entityTypeId=1068&id=96&fields[TITLE]=%D0%9F%D0%BE%D1%81%D1%82%D0%B0%D0%B2%D1%89%D0%B8%D0%BA%3A%20Chocolado%20%D0%A2%D0%9E%D0%9E&fields[CONTACT_ID]=4736"}

18.04.2025, 23:55:21 [INFO] - Source: bx/batchRequest
Batch response: {"result":{"result":{"update_deal":{"item":{"id":96,"xmlId":"","title":"Поставщик: Chocolado ТОО","createdBy":294,"updatedBy":294,"movedBy":294,"createdTime":"2025-04-18T20:54:38+03:00","updatedTime":"2025-04-18T20:54:38+03:00","movedTime":"2025-04-18T20:54:38+03:00","categoryId":46,"opened":"N","stageId":"DT1068_46:NEW","previousStageId":"","begindate":"2025-04-18T03:00:00+03:00","closedate":"2025-04-25T03:00:00+03:00","companyId":0,"contactId":4736,"opportunity":0,"isManualOpportunity":"N","taxValue":0,"currencyId":"KZT","mycompanyId":1164,"sourceId":"CALL","sourceDescription":"","webformId":0,"assignedById":294,"lastActivityBy":294,"lastActivityTime":"2025-04-18T20:54:38+03:00","utmSource":null,"utmMedium":null,"utmCampaign":null,"utmContent":null,"utmTerm":null,"observers":[],"contactIds":[4736],"entityTypeId":1068}}},"result_error":[],"result_total":[],"result_next":[],"result_time":{"update_deal":{"start":1745002520.137305,"finish":1745002520.210408,"duration":0.07310295104980469,"processing":0.07212185859680176,"date_start":"2025-04-18T21:55:20+03:00","date_finish":"2025-04-18T21:55:20+03:00","operating_reset_at":1745003120,"operating":0}}},"time":{"start":1745002520.108765,"finish":1745002520.211193,"duration":0.10242819786071777,"processing":0.0740499496459961,"date_start":"2025-04-18T21:55:20+03:00","date_finish":"2025-04-18T21:55:20+03:00","operating_reset_at":1745003120,"operating":0}}

18.04.2025, 23:55:21 [INFO] - Source: bx/batchRequest
Sending batch request with commands: {"product_0":"catalog.product.list?select[]=id&select[]=iblockId&select[]=name&select[]=xmlId&select[]=parentId&filter[iblockId]=16&filter[parentId]=21270","product_1":"catalog.product.list?select[]=id&select[]=iblockId&select[]=name&select[]=xmlId&select[]=parentId&filter[iblockId]=16&filter[parentId]=21272"}

18.04.2025, 23:55:21 [INFO] - Source: bx/batchRequest
Batch response: {"result":{"result":{"product_0":{"products":[{"iblockId":16,"id":21644,"name":"масло кокосовое","parentId":{"value":"21270","valueId":"20286"},"xmlId":"21644"},{"iblockId":16,"id":21648,"name":"масло кокосовое","parentId":{"value":"21270","valueId":"20290"},"xmlId":"21648"}]},"product_1":{"products":[{"iblockId":16,"id":21646,"name":"масло пальмовое","parentId":{"value":"21272","valueId":"20288"},"xmlId":"21646"},{"iblockId":16,"id":21650,"name":"масло пальмовое","parentId":{"value":"21272","valueId":"20292"},"xmlId":"21650"}]}},"result_error":[],"result_total":{"product_0":2,"product_1":2},"result_next":[],"result_time":{"product_0":{"start":1745002520.355858,"finish":1745002520.386423,"duration":0.03056502342224121,"processing":0.02965092658996582,"date_start":"2025-04-18T21:55:20+03:00","date_finish":"2025-04-18T21:55:20+03:00","operating_reset_at":1745003120,"operating":0},"product_1":{"start":1745002520.387212,"finish":1745002520.393705,"duration":0.0064928531646728516,"processing":0.006003141403198242,"date_start":"2025-04-18T21:55:20+03:00","date_finish":"2025-04-18T21:55:20+03:00","operating_reset_at":1745003120,"operating":0}}},"time":{"start":1745002520.323891,"finish":1745002520.39468,"duration":0.07078909873962402,"processing":0.0389409065246582,"date_start":"2025-04-18T21:55:20+03:00","date_finish":"2025-04-18T21:55:20+03:00","operating_reset_at":1745003120,"operating":0}}

18.04.2025, 23:55:21 [INFO] - Source: bx/getCatalogProducts
Fetched or created 4 catalog products for CRM product IDs: ["21270","21272"]

18.04.2025, 23:55:21 [INFO] - Source: bx/batchRequest
Sending batch request with commands: {"add_product_0":"crm.item.productrow.add?ownerType=DYNAMIC_1068&ownerId=96&fields[PRODUCT_ID]=21644&fields[QUANTITY]=1&fields[PRICE]=0&fields[MEASURE_CODE]=7","add_product_1":"crm.item.productrow.add?ownerType=DYNAMIC_1068&ownerId=96&fields[PRODUCT_ID]=21646&fields[QUANTITY]=1&fields[PRICE]=0&fields[MEASURE_CODE]=7"}

18.04.2025, 23:55:21 [INFO] - Source: bx/batchRequest
Batch response: {"result":{"result":[],"result_error":{"add_product_0":{"error":"ENTITY_TYPE_NOT_SUPPORTED","error_description":"Entity type  is not supported"},"add_product_1":{"error":"ENTITY_TYPE_NOT_SUPPORTED","error_description":"Entity type  is not supported"}},"result_total":[],"result_next":[],"result_time":[]},"time":{"start":1745002520.511582,"finish":1745002520.546107,"duration":0.034525156021118164,"processing":0.005499839782714844,"date_start":"2025-04-18T21:55:20+03:00","date_finish":"2025-04-18T21:55:20+03:00","operating_reset_at":1745003120,"operating":0}}

18.04.2025, 23:55:21 [ERROR] - Source: bx/batchRequest
Error: Error: Batch request errors: Command add_product_0 failed: Entity type  is not supported; Command add_product_1 failed: Entity type  is not supported
    at BitrixUtils.batchRequest (file:///C:/Users/user/Desktop/access_bitrix/utils/bx.js:44:23)
    at process.processTicksAndRejections (node:internal/process/task_queues:105:5)
    at async BitrixUtils.updateSmartProcessDeal (file:///C:/Users/user/Desktop/access_bitrix/utils/bx.js:400:44)
    at async processProducts (file:///C:/Users/user/Desktop/access_bitrix/services/fileService.js:311:25)
    at async uploadSupplierProductHandler (file:///C:/Users/user/Desktop/access_bitrix/handlers/fileHandlers.js:254:31)

18.04.2025, 23:55:21 [ERROR] - Source: bx/updateSmartProcessDeal
Error: Error: Batch request errors: Command add_product_0 failed: Entity type  is not supported; Command add_product_1 failed: Entity type  is not supported
    at BitrixUtils.batchRequest (file:///C:/Users/user/Desktop/access_bitrix/utils/bx.js:44:23)
    at process.processTicksAndRejections (node:internal/process/task_queues:105:5)
    at async BitrixUtils.updateSmartProcessDeal (file:///C:/Users/user/Desktop/access_bitrix/utils/bx.js:400:44)
    at async processProducts (file:///C:/Users/user/Desktop/access_bitrix/services/fileService.js:311:25)
    at async uploadSupplierProductHandler (file:///C:/Users/user/Desktop/access_bitrix/handlers/fileHandlers.js:254:31)

18.04.2025, 23:55:21 [ERROR] - Source: processProducts
Error: Error: Batch request errors: Command add_product_0 failed: Entity type  is not supported; Command add_product_1 failed: Entity type  is not supported
    at BitrixUtils.batchRequest (file:///C:/Users/user/Desktop/access_bitrix/utils/bx.js:44:23)
    at process.processTicksAndRejections (node:internal/process/task_queues:105:5)
    at async BitrixUtils.updateSmartProcessDeal (file:///C:/Users/user/Desktop/access_bitrix/utils/bx.js:400:44)
    at async processProducts (file:///C:/Users/user/Desktop/access_bitrix/services/fileService.js:311:25)
    at async uploadSupplierProductHandler (file:///C:/Users/user/Desktop/access_bitrix/handlers/fileHandlers.js:254:31)

18.04.2025, 23:55:21 [ERROR] - Source: uploadSupplierProductHandler
Error: Error: Batch request errors: Command add_product_0 failed: Entity type  is not supported; Command add_product_1 failed: Entity type  is not supported
    at BitrixUtils.batchRequest (file:///C:/Users/user/Desktop/access_bitrix/utils/bx.js:44:23)
    at process.processTicksAndRejections (node:internal/process/task_queues:105:5)
    at async BitrixUtils.updateSmartProcessDeal (file:///C:/Users/user/Desktop/access_bitrix/utils/bx.js:400:44)
    at async processProducts (file:///C:/Users/user/Desktop/access_bitrix/services/fileService.js:311:25)
    at async uploadSupplierProductHandler (file:///C:/Users/user/Desktop/access_bitrix/handlers/fileHandlers.js:254:31)

18.04.2025, 23:57:15 [INFO] - Source: parseFile
Parsed 5 total records, 2 valid records after filtering

18.04.2025, 23:57:15 [INFO] - Source: parseFile
First valid record: {"LieferantID":578,"Firma":"Chocolado ТОО","ZutatenLagerID":342,"ZutatenLager":"масло кокосовое"}

18.04.2025, 23:57:15 [INFO] - Source: bx/batchRequest
Sending batch request with commands: {"contact_0":"crm.contact.list?select[]=ID&select[]=NAME&select[]=UF_CRM_1744893791481&filter[UF_CRM_1744893791481]=578"}

18.04.2025, 23:57:15 [INFO] - Source: bx/batchRequest
Batch response: {"result":{"result":{"contact_0":[{"ID":"4736","NAME":"ТОО CHOCOLADO","UF_CRM_1744893791481":"578"}]},"result_error":[],"result_total":{"contact_0":1},"result_next":[],"result_time":{"contact_0":{"start":1745002634.887755,"finish":1745002634.945357,"duration":0.0576021671295166,"processing":0.05702996253967285,"date_start":"2025-04-18T21:57:14+03:00","date_finish":"2025-04-18T21:57:14+03:00","operating_reset_at":1745003234,"operating":0}}},"time":{"start":1745002634.861653,"finish":1745002634.946301,"duration":0.08464789390563965,"processing":0.05871415138244629,"date_start":"2025-04-18T21:57:14+03:00","date_finish":"2025-04-18T21:57:14+03:00","operating_reset_at":1745003234,"operating":0}}

18.04.2025, 23:57:15 [INFO] - Source: bx/getContactsByAccessIds
Fetched 1 contacts

18.04.2025, 23:57:15 [INFO] - Source: bx/batchRequest
Sending batch request with commands: {"product_0":"crm.product.list?select[]=ID&select[]=NAME&select[]=PRICE&select[]=MEASURE&select[]=PROPERTY_484&filter[PROPERTY_484]=342","product_1":"crm.product.list?select[]=ID&select[]=NAME&select[]=PRICE&select[]=MEASURE&select[]=PROPERTY_484&filter[PROPERTY_484]=120"}

18.04.2025, 23:57:16 [INFO] - Source: bx/batchRequest
Batch response: {"result":{"result":{"product_0":[{"ID":"21270","NAME":"масло кокосовое","PRICE":null,"MEASURE":"7","PROPERTY_484":{"valueId":"20038","value":"342"}}],"product_1":[{"ID":"21272","NAME":"масло пальмовое","PRICE":null,"MEASURE":"7","PROPERTY_484":{"valueId":"20040","value":"120"}}]},"result_error":[],"result_total":{"product_0":1,"product_1":1},"result_next":[],"result_time":{"product_0":{"start":1745002635.08582,"finish":1745002635.104916,"duration":0.01909613609313965,"processing":0.01858687400817871,"date_start":"2025-04-18T21:57:15+03:00","date_finish":"2025-04-18T21:57:15+03:00","operating_reset_at":1745003235,"operating":0},"product_1":{"start":1745002635.105834,"finish":1745002635.110671,"duration":0.0048370361328125,"processing":0.004426002502441406,"date_start":"2025-04-18T21:57:15+03:00","date_finish":"2025-04-18T21:57:15+03:00","operating_reset_at":1745003235,"operating":0}}},"time":{"start":1745002635.060879,"finish":1745002635.11162,"duration":0.050740957260131836,"processing":0.025970935821533203,"date_start":"2025-04-18T21:57:15+03:00","date_finish":"2025-04-18T21:57:15+03:00","operating_reset_at":1745003235,"operating":0}}

18.04.2025, 23:57:16 [INFO] - Source: bx/getProductsByAccessIds
Fetched 2 products

18.04.2025, 23:57:16 [INFO] - Source: bx/batchRequest
Sending batch request with commands: {"deal_0":"crm.item.list?entityTypeId=1068&filter[contactId]=4736"}

18.04.2025, 23:57:16 [INFO] - Source: bx/batchRequest
Batch response: {"result":{"result":{"deal_0":{"items":[]}},"result_error":[],"result_total":{"deal_0":0},"result_next":[],"result_time":{"deal_0":{"start":1745002635.300263,"finish":1745002635.34305,"duration":0.04278707504272461,"processing":0.04174399375915527,"date_start":"2025-04-18T21:57:15+03:00","date_finish":"2025-04-18T21:57:15+03:00","operating_reset_at":1745003235,"operating":0}}},"time":{"start":1745002635.226442,"finish":1745002635.343853,"duration":0.11741089820861816,"processing":0.043721914291381836,"date_start":"2025-04-18T21:57:15+03:00","date_finish":"2025-04-18T21:57:15+03:00","operating_reset_at":1745003235,"operating":0}}

18.04.2025, 23:57:16 [INFO] - Source: bx/getSmartProcessDealsByContactIds
Fetched 0 smart process deals

18.04.2025, 23:57:16 [INFO] - Source: bx/batchRequest
Sending batch request with commands: {"add_deal":"crm.item.add?entityTypeId=1068&fields[TITLE]=%D0%9F%D0%BE%D1%81%D1%82%D0%B0%D0%B2%D1%89%D0%B8%D0%BA%3A%20Chocolado%20%D0%A2%D0%9E%D0%9E&fields[CONTACT_ID]=4736"}

18.04.2025, 23:57:16 [INFO] - Source: bx/batchRequest
Batch response: {"result":{"result":{"add_deal":{"item":{"id":98,"xmlId":"","title":"Поставщик: Chocolado ТОО","createdBy":294,"updatedBy":294,"movedBy":294,"createdTime":"2025-04-18T21:57:15+03:00","updatedTime":"2025-04-18T21:57:15+03:00","movedTime":"2025-04-18T21:57:15+03:00","categoryId":46,"opened":"N","stageId":"DT1068_46:NEW","previousStageId":"","begindate":"2025-04-18T03:00:00+03:00","closedate":"2025-04-25T03:00:00+03:00","companyId":0,"contactId":4736,"opportunity":0,"isManualOpportunity":"N","taxValue":0,"currencyId":"KZT","mycompanyId":1164,"sourceId":"CALL","sourceDescription":"","webformId":0,"assignedById":294,"lastActivityBy":294,"lastActivityTime":"2025-04-18T21:57:15+03:00","utmSource":null,"utmMedium":null,"utmCampaign":null,"utmContent":null,"utmTerm":null,"observers":[],"contactIds":[4736],"entityTypeId":1068}}},"result_error":[],"result_total":[],"result_next":[],"result_time":{"add_deal":{"start":1745002635.488656,"finish":1745002635.665647,"duration":0.17699098587036133,"processing":0.17595911026000977,"date_start":"2025-04-18T21:57:15+03:00","date_finish":"2025-04-18T21:57:15+03:00","operating_reset_at":1745003235,"operating":0.17594504356384277}}},"time":{"start":1745002635.461047,"finish":1745002635.666333,"duration":0.20528602600097656,"processing":0.17788910865783691,"date_start":"2025-04-18T21:57:15+03:00","date_finish":"2025-04-18T21:57:15+03:00","operating_reset_at":1745003235,"operating":0}}

18.04.2025, 23:57:16 [INFO] - Source: bx/batchRequest
Sending batch request with commands: {"product_0":"catalog.product.list?select[]=id&select[]=iblockId&select[]=name&select[]=xmlId&select[]=parentId&filter[iblockId]=16&filter[parentId]=21270","product_1":"catalog.product.list?select[]=id&select[]=iblockId&select[]=name&select[]=xmlId&select[]=parentId&filter[iblockId]=16&filter[parentId]=21272"}

18.04.2025, 23:57:16 [INFO] - Source: bx/batchRequest
Batch response: {"result":{"result":{"product_0":{"products":[{"iblockId":16,"id":21644,"name":"масло кокосовое","parentId":{"value":"21270","valueId":"20286"},"xmlId":"21644"},{"iblockId":16,"id":21648,"name":"масло кокосовое","parentId":{"value":"21270","valueId":"20290"},"xmlId":"21648"}]},"product_1":{"products":[{"iblockId":16,"id":21646,"name":"масло пальмовое","parentId":{"value":"21272","valueId":"20288"},"xmlId":"21646"},{"iblockId":16,"id":21650,"name":"масло пальмовое","parentId":{"value":"21272","valueId":"20292"},"xmlId":"21650"}]}},"result_error":[],"result_total":{"product_0":2,"product_1":2},"result_next":[],"result_time":{"product_0":{"start":1745002635.799582,"finish":1745002635.821204,"duration":0.0216219425201416,"processing":0.02071404457092285,"date_start":"2025-04-18T21:57:15+03:00","date_finish":"2025-04-18T21:57:15+03:00","operating_reset_at":1745003235,"operating":0},"product_1":{"start":1745002635.821999,"finish":1745002635.828295,"duration":0.006295919418334961,"processing":0.005821943283081055,"date_start":"2025-04-18T21:57:15+03:00","date_finish":"2025-04-18T21:57:15+03:00","operating_reset_at":1745003235,"operating":0}}},"time":{"start":1745002635.775192,"finish":1745002635.829124,"duration":0.05393195152282715,"processing":0.0296781063079834,"date_start":"2025-04-18T21:57:15+03:00","date_finish":"2025-04-18T21:57:15+03:00","operating_reset_at":1745003235,"operating":0}}

18.04.2025, 23:57:16 [INFO] - Source: bx/getCatalogProducts
Fetched or created 4 catalog products for CRM product IDs: ["21270","21272"]

18.04.2025, 23:57:16 [INFO] - Source: bx/batchRequest
Sending batch request with commands: {"add_product_0":"crm.item.productrow.add?ownerType=DYNAMIC_1068&ownerId=98&fields[PRODUCT_ID]=21644&fields[QUANTITY]=1&fields[PRICE]=0&fields[MEASURE_CODE]=7","add_product_1":"crm.item.productrow.add?ownerType=DYNAMIC_1068&ownerId=98&fields[PRODUCT_ID]=21646&fields[QUANTITY]=1&fields[PRICE]=0&fields[MEASURE_CODE]=7"}

18.04.2025, 23:57:16 [INFO] - Source: bx/batchRequest
Batch response: {"result":{"result":[],"result_error":{"add_product_0":{"error":"ENTITY_TYPE_NOT_SUPPORTED","error_description":"Entity type  is not supported"},"add_product_1":{"error":"ENTITY_TYPE_NOT_SUPPORTED","error_description":"Entity type  is not supported"}},"result_total":[],"result_next":[],"result_time":[]},"time":{"start":1745002635.941688,"finish":1745002635.974653,"duration":0.03296494483947754,"processing":0.0047719478607177734,"date_start":"2025-04-18T21:57:15+03:00","date_finish":"2025-04-18T21:57:15+03:00","operating_reset_at":1745003235,"operating":0}}

18.04.2025, 23:57:16 [ERROR] - Source: bx/batchRequest
Error: Error: Batch request errors: Command add_product_0 failed: Entity type  is not supported; Command add_product_1 failed: Entity type  is not supported
    at BitrixUtils.batchRequest (file:///C:/Users/user/Desktop/access_bitrix/utils/bx.js:44:23)
    at process.processTicksAndRejections (node:internal/process/task_queues:105:5)
    at async BitrixUtils.addSmartProcessDeal (file:///C:/Users/user/Desktop/access_bitrix/utils/bx.js:351:44)
    at async processProducts (file:///C:/Users/user/Desktop/access_bitrix/services/fileService.js:292:30)
    at async uploadSupplierProductHandler (file:///C:/Users/user/Desktop/access_bitrix/handlers/fileHandlers.js:254:31)

18.04.2025, 23:57:16 [ERROR] - Source: bx/addSmartProcessDeal
Error: Error: Batch request errors: Command add_product_0 failed: Entity type  is not supported; Command add_product_1 failed: Entity type  is not supported
    at BitrixUtils.batchRequest (file:///C:/Users/user/Desktop/access_bitrix/utils/bx.js:44:23)
    at process.processTicksAndRejections (node:internal/process/task_queues:105:5)
    at async BitrixUtils.addSmartProcessDeal (file:///C:/Users/user/Desktop/access_bitrix/utils/bx.js:351:44)
    at async processProducts (file:///C:/Users/user/Desktop/access_bitrix/services/fileService.js:292:30)
    at async uploadSupplierProductHandler (file:///C:/Users/user/Desktop/access_bitrix/handlers/fileHandlers.js:254:31)

18.04.2025, 23:57:16 [ERROR] - Source: processProducts
Error: Error: Batch request errors: Command add_product_0 failed: Entity type  is not supported; Command add_product_1 failed: Entity type  is not supported
    at BitrixUtils.batchRequest (file:///C:/Users/user/Desktop/access_bitrix/utils/bx.js:44:23)
    at process.processTicksAndRejections (node:internal/process/task_queues:105:5)
    at async BitrixUtils.addSmartProcessDeal (file:///C:/Users/user/Desktop/access_bitrix/utils/bx.js:351:44)
    at async processProducts (file:///C:/Users/user/Desktop/access_bitrix/services/fileService.js:292:30)
    at async uploadSupplierProductHandler (file:///C:/Users/user/Desktop/access_bitrix/handlers/fileHandlers.js:254:31)

18.04.2025, 23:57:16 [ERROR] - Source: uploadSupplierProductHandler
Error: Error: Batch request errors: Command add_product_0 failed: Entity type  is not supported; Command add_product_1 failed: Entity type  is not supported
    at BitrixUtils.batchRequest (file:///C:/Users/user/Desktop/access_bitrix/utils/bx.js:44:23)
    at process.processTicksAndRejections (node:internal/process/task_queues:105:5)
    at async BitrixUtils.addSmartProcessDeal (file:///C:/Users/user/Desktop/access_bitrix/utils/bx.js:351:44)
    at async processProducts (file:///C:/Users/user/Desktop/access_bitrix/services/fileService.js:292:30)
    at async uploadSupplierProductHandler (file:///C:/Users/user/Desktop/access_bitrix/handlers/fileHandlers.js:254:31)

